<?xml version="1.0" encoding="UTF-8"?>
<!-- Generated by org.testng.reporters.JUnitReportReporter -->
<testsuite skipped="0" hostname="LAPTOP-PATGFM90" name="com.testcases.Orderactions" tests="4" failures="0" timestamp="02 May 2020 11:00:20 GMT" time="71.924" errors="0">
  <testcase name="payAmazon" time="6.347" classname="com.testcases.Orderactions"/>
  <testcase name="testHomepage" time="4.568" classname="com.testcases.Orderactions"/>
  <testcase name="checkCustomerServicedetails" time="5.655" classname="com.testcases.Orderactions"/>
  <testcase name="testorder" time="55.354" classname="com.testcases.Orderactions"/>
</testsuite> <!-- com.testcases.Orderactions -->
