<?xml version="1.0" encoding="UTF-8"?>
<!-- Generated by org.testng.reporters.JUnitReportReporter -->
<testsuite skipped="0" hostname="LAPTOP-PATGFM90" name="com.testcases.Tests" tests="2" failures="0" timestamp="05 May 2020 12:41:08 GMT" time="11.884" errors="0">
  <testcase name="TC_01" time="10.870" classname="com.testcases.Tests"/>
  <testcase name="loginTest" time="1.014" classname="com.testcases.Tests"/>
</testsuite> <!-- com.testcases.Tests -->
